<?xml version="1.0" encoding="UTF-8"?>
<!-- Generated by org.testng.reporters.JUnitReportReporter -->
<testsuite hostname="LAPTOP-5KMFOFH9" failures="0" tests="1" name="gitdemo2.GitTestWithBranch" time="0.013" errors="0" timestamp="2024-02-26T19:10:14 IST" skipped="0">
  <testcase classname="gitdemo2.GitTestWithBranch" name="f" time="0.013"/>
  <system-out/>
</testsuite> <!-- gitdemo2.GitTestWithBranch -->
